0 info it worked if it ends with ok
1 verbose cli [ 'node', '/usr/local/bin/npm', 'install', 'angular-famous' ]
2 info using npm@1.4.3
3 info using node@v0.10.26
4 warn package.json new@0.0.0 No description
5 warn package.json new@0.0.0 No repository field.
6 warn package.json new@0.0.0 No README data
7 verbose readDependencies using package.json deps
8 verbose cache add [ 'angular-famous', null ]
9 verbose cache add name=undefined spec="angular-famous" args=["angular-famous",null]
10 verbose parsed url { protocol: null,
10 verbose parsed url   slashes: null,
10 verbose parsed url   auth: null,
10 verbose parsed url   host: null,
10 verbose parsed url   port: null,
10 verbose parsed url   hostname: null,
10 verbose parsed url   hash: null,
10 verbose parsed url   search: null,
10 verbose parsed url   query: null,
10 verbose parsed url   pathname: 'angular-famous',
10 verbose parsed url   path: 'angular-famous',
10 verbose parsed url   href: 'angular-famous' }
11 silly lockFile a1a57f11-angular-famous angular-famous
12 verbose lock angular-famous /Users/Troy/.npm/a1a57f11-angular-famous.lock
13 silly lockFile a1a57f11-angular-famous angular-famous
14 silly lockFile a1a57f11-angular-famous angular-famous
15 verbose addNamed [ 'angular-famous', '' ]
16 verbose addNamed [ null, '*' ]
17 silly lockFile 5de97594-angular-famous angular-famous@
18 verbose lock angular-famous@ /Users/Troy/.npm/5de97594-angular-famous.lock
19 silly addNameRange { name: 'angular-famous', range: '*', hasData: false }
20 verbose url raw angular-famous
21 verbose url resolving [ 'https://registry.npmjs.org/', './angular-famous' ]
22 verbose url resolved https://registry.npmjs.org/angular-famous
23 info trying registry request attempt 1 at 15:24:26
24 http GET https://registry.npmjs.org/angular-famous
25 http 404 https://registry.npmjs.org/angular-famous
26 silly registry.get cb [ 404,
26 silly registry.get   { date: 'Tue, 24 Jun 2014 22:24:26 GMT',
26 silly registry.get     server: 'CouchDB/1.5.0 (Erlang OTP/R16B03)',
26 silly registry.get     'content-type': 'application/json',
26 silly registry.get     'cache-control': 'max-age=0',
26 silly registry.get     'content-length': '52',
26 silly registry.get     'accept-ranges': 'bytes',
26 silly registry.get     via: '1.1 varnish',
26 silly registry.get     age: '0',
26 silly registry.get     'x-served-by': 'cache-lax1431-LAX',
26 silly registry.get     'x-cache': 'MISS',
26 silly registry.get     'x-cache-hits': '0',
26 silly registry.get     'x-timer': 'S1403648666.620601,VS0,VE83',
26 silly registry.get     'keep-alive': 'timeout=10, max=50',
26 silly registry.get     connection: 'Keep-Alive' } ]
27 silly lockFile 5de97594-angular-famous angular-famous@
28 silly lockFile 5de97594-angular-famous angular-famous@
29 error 404 'angular-famous' is not in the npm registry.
29 error 404 You should bug the author to publish it
29 error 404 It was specified as a dependency of 'new'
29 error 404
29 error 404 Note that you can also install from a
29 error 404 tarball, folder, or http url, or git url.
30 error System Darwin 13.2.0
31 error command "node" "/usr/local/bin/npm" "install" "angular-famous"
32 error cwd /Users/Troy/Development/experiment/simple-angelist
33 error node -v v0.10.26
34 error npm -v 1.4.3
35 error code E404
36 verbose exit [ 1, true ]
